# JRE version: Java(TM) SE Runtime Environment (8.0_202-b08) (build 1.8.0_202-b08)
# Java VM: Java HotSpot(TM) 64-Bit Server VM (25.202-b08 mixed mode bsd-amd64 compressed oops)
Heap:
 PSYoungGen      total 1069568K, used 64599K [0x000000076ab00000, 0x00000007b7180000, 0x00000007c0000000)
  eden space 993792K, 6% used [0x000000076ab00000,0x000000076ea15de0,0x00000007a7580000)
  from space 75776K, 0% used [0x00000007a7580000,0x00000007a7580000,0x00000007abf80000)
  to   space 74240K, 0% used [0x00000007b2900000,0x00000007b2900000,0x00000007b7180000)
 ParOldGen       total 353792K, used 28272K [0x00000006c0000000, 0x00000006d5980000, 0x000000076ab00000)
  object space 353792K, 7% used [0x00000006c0000000,0x00000006c1b9c098,0x00000006d5980000)
 Metaspace       used 68673K, capacity 87376K, committed 88872K, reserved 1122304K
  class space    used 12196K, capacity 15148K, committed 15400K, reserved 1048576K
GC Heap History (10 events):
Event: 4793.418 GC heap before
{Heap before GC invocations=64 (full 11):
 PSYoungGen      total 1056256K, used 422463K [0x000000076ab00000, 0x00000007afd80000, 0x00000007c0000000)
  eden space 1007104K, 41% used [0x000000076ab00000,0x000000078418d618,0x00000007a8280000)
  from space 49152K, 12% used [0x00000007acd80000,0x00000007ad3826c0,0x00000007afd80000)
  to   space 62976K, 0% used [0x00000007a8280000,0x00000007a8280000,0x00000007ac000000)
 ParOldGen       total 353792K, used 39290K [0x00000006c0000000, 0x00000006d5980000, 0x000000076ab00000)
  object space 353792K, 11% used [0x00000006c0000000,0x00000006c265e8e8,0x00000006d5980000)
 Metaspace       used 68185K, capacity 87168K, committed 87336K, reserved 1122304K
  class space    used 12009K, capacity 15022K, committed 15144K, reserved 1048576K
Event: 4793.422 GC heap after
Heap after GC invocations=64 (full 11):
 PSYoungGen      total 1010176K, used 2626K [0x000000076ab00000, 0x00000007afc80000, 0x00000007c0000000)
  eden space 1007104K, 0% used [0x000000076ab00000,0x000000076ab00000,0x00000007a8280000)
  from space 3072K, 85% used [0x00000007a8280000,0x00000007a8510ab8,0x00000007a8580000)
  to   space 62464K, 0% used [0x00000007abf80000,0x00000007abf80000,0x00000007afc80000)
 ParOldGen       total 353792K, used 39290K [0x00000006c0000000, 0x00000006d5980000, 0x000000076ab00000)
  object space 353792K, 11% used [0x00000006c0000000,0x00000006c265e8e8,0x00000006d5980000)
 Metaspace       used 68185K, capacity 87168K, committed 87336K, reserved 1122304K
  class space    used 12009K, capacity 15022K, committed 15144K, reserved 1048576K
}
Event: 4793.422 GC heap before
{Heap before GC invocations=65 (full 12):
 PSYoungGen      total 1010176K, used 2626K [0x000000076ab00000, 0x00000007afc80000, 0x00000007c0000000)
  eden space 1007104K, 0% used [0x000000076ab00000,0x000000076ab00000,0x00000007a8280000)
  from space 3072K, 85% used [0x00000007a8280000,0x00000007a8510ab8,0x00000007a8580000)
  to   space 62464K, 0% used [0x00000007abf80000,0x00000007abf80000,0x00000007afc80000)
 ParOldGen       total 353792K, used 39290K [0x00000006c0000000, 0x00000006d5980000, 0x000000076ab00000)
  object space 353792K, 11% used [0x00000006c0000000,0x00000006c265e8e8,0x00000006d5980000)
 Metaspace       used 68185K, capacity 87168K, committed 87336K, reserved 1122304K
  class space    used 12009K, capacity 15022K, committed 15144K, reserved 1048576K
Event: 4793.574 GC heap after
Heap after GC invocations=65 (full 12):
 PSYoungGen      total 1010176K, used 0K [0x000000076ab00000, 0x00000007afc80000, 0x00000007c0000000)
  eden space 1007104K, 0% used [0x000000076ab00000,0x000000076ab00000,0x00000007a8280000)
  from space 3072K, 0% used [0x00000007a8280000,0x00000007a8280000,0x00000007a8580000)
  to   space 62464K, 0% used [0x00000007abf80000,0x00000007abf80000,0x00000007afc80000)
 ParOldGen       total 353792K, used 26836K [0x00000006c0000000, 0x00000006d5980000, 0x000000076ab00000)
  object space 353792K, 7% used [0x00000006c0000000,0x00000006c1a35240,0x00000006d5980000)
 Metaspace       used 68185K, capacity 87168K, committed 87336K, reserved 1122304K
  class space    used 12009K, capacity 15022K, committed 15144K, reserved 1048576K
}
Event: 4796.085 GC heap before
{Heap before GC invocations=66 (full 12):
 PSYoungGen      total 1010176K, used 1007104K [0x000000076ab00000, 0x00000007afc80000, 0x00000007c0000000)
  eden space 1007104K, 100% used [0x000000076ab00000,0x00000007a8280000,0x00000007a8280000)
  from space 3072K, 0% used [0x00000007a8280000,0x00000007a8280000,0x00000007a8580000)
  to   space 62464K, 0% used [0x00000007abf80000,0x00000007abf80000,0x00000007afc80000)
 ParOldGen       total 353792K, used 26836K [0x00000006c0000000, 0x00000006d5980000, 0x000000076ab00000)
  object space 353792K, 7% used [0x00000006c0000000,0x00000006c1a35240,0x00000006d5980000)
 Metaspace       used 68884K, capacity 88060K, committed 88232K, reserved 1122304K
  class space    used 12203K, capacity 15228K, committed 15272K, reserved 1048576K
Event: 4796.141 GC heap after
Heap after GC invocations=66 (full 12):
 PSYoungGen      total 1056256K, used 62442K [0x000000076ab00000, 0x00000007b7480000, 0x00000007c0000000)
  eden space 993792K, 0% used [0x000000076ab00000,0x000000076ab00000,0x00000007a7580000)
  from space 62464K, 99% used [0x00000007abf80000,0x00000007afc7a868,0x00000007afc80000)
  to   space 75776K, 0% used [0x00000007a7580000,0x00000007a7580000,0x00000007abf80000)
 ParOldGen       total 353792K, used 31319K [0x00000006c0000000, 0x00000006d5980000, 0x000000076ab00000)
  object space 353792K, 8% used [0x00000006c0000000,0x00000006c1e95f98,0x00000006d5980000)
 Metaspace       used 68884K, capacity 88060K, committed 88232K, reserved 1122304K
  class space    used 12203K, capacity 15228K, committed 15272K, reserved 1048576K
}
Event: 4897.061 GC heap before
{Heap before GC invocations=67 (full 12):
 PSYoungGen      total 1056256K, used 596000K [0x000000076ab00000, 0x00000007b7480000, 0x00000007c0000000)
  eden space 993792K, 53% used [0x000000076ab00000,0x000000078b40db68,0x00000007a7580000)
  from space 62464K, 99% used [0x00000007abf80000,0x00000007afc7a868,0x00000007afc80000)
  to   space 75776K, 0% used [0x00000007a7580000,0x00000007a7580000,0x00000007abf80000)
 ParOldGen       total 353792K, used 31319K [0x00000006c0000000, 0x00000006d5980000, 0x000000076ab00000)
  object space 353792K, 8% used [0x00000006c0000000,0x00000006c1e95f98,0x00000006d5980000)
 Metaspace       used 69016K, capacity 88136K, committed 88232K, reserved 1122304K
  class space    used 12210K, capacity 15231K, committed 15272K, reserved 1048576K
Event: 4897.065 GC heap after
Heap after GC invocations=67 (full 12):
 PSYoungGen      total 1069568K, used 2895K [0x000000076ab00000, 0x00000007b7180000, 0x00000007c0000000)
  eden space 993792K, 0% used [0x000000076ab00000,0x000000076ab00000,0x00000007a7580000)
  from space 75776K, 3% used [0x00000007a7580000,0x00000007a7853e58,0x00000007abf80000)
  to   space 74240K, 0% used [0x00000007b2900000,0x00000007b2900000,0x00000007b7180000)
 ParOldGen       total 353792K, used 31327K [0x00000006c0000000, 0x00000006d5980000, 0x000000076ab00000)
  object space 353792K, 8% used [0x00000006c0000000,0x00000006c1e97f98,0x00000006d5980000)
 Metaspace       used 69016K, capacity 88136K, committed 88232K, reserved 1122304K
  class space    used 12210K, capacity 15231K, committed 15272K, reserved 1048576K
}
Event: 4897.065 GC heap before
{Heap before GC invocations=68 (full 13):
 PSYoungGen      total 1069568K, used 2895K [0x000000076ab00000, 0x00000007b7180000, 0x00000007c0000000)
  eden space 993792K, 0% used [0x000000076ab00000,0x000000076ab00000,0x00000007a7580000)
  from space 75776K, 3% used [0x00000007a7580000,0x00000007a7853e58,0x00000007abf80000)
  to   space 74240K, 0% used [0x00000007b2900000,0x00000007b2900000,0x00000007b7180000)
 ParOldGen       total 353792K, used 31327K [0x00000006c0000000, 0x00000006d5980000, 0x000000076ab00000)
  object space 353792K, 8% used [0x00000006c0000000,0x00000006c1e97f98,0x00000006d5980000)
 Metaspace       used 69016K, capacity 88136K, committed 88232K, reserved 1122304K
  class space    used 12210K, capacity 15231K, committed 15272K, reserved 1048576K
Event: 4897.329 GC heap after
Heap after GC invocations=68 (full 13):
 PSYoungGen      total 1069568K, used 0K [0x000000076ab00000, 0x00000007b7180000, 0x00000007c0000000)
  eden space 993792K, 0% used [0x000000076ab00000,0x000000076ab00000,0x00000007a7580000)
  from space 75776K, 0% used [0x00000007a7580000,0x00000007a7580000,0x00000007abf80000)
  to   space 74240K, 0% used [0x00000007b2900000,0x00000007b2900000,0x00000007b7180000)
 ParOldGen       total 353792K, used 28272K [0x00000006c0000000, 0x00000006d5980000, 0x000000076ab00000)
  object space 353792K, 7% used [0x00000006c0000000,0x00000006c1b9c098,0x00000006d5980000)
 Metaspace       used 68203K, capacity 86804K, committed 88232K, reserved 1122304K
  class space    used 12085K, capacity 15002K, committed 15272K, reserved 1048576K
}

